Started GET "/" for 127.0.0.1 at 2023-01-26 12:50:21 +0000
Processing by Rails::WelcomeController#index as HTML
  Rendering /home/dev/.rvm/gems/ruby-3.0.0/gems/railties-7.0.4.2/lib/rails/templates/rails/welcome/index.html.erb
  Rendered /home/dev/.rvm/gems/ruby-3.0.0/gems/railties-7.0.4.2/lib/rails/templates/rails/welcome/index.html.erb (Duration: 1.5ms | Allocations: 831)
Completed 200 OK in 13ms (Views: 6.0ms | ActiveRecord: 0.0ms | Allocations: 7223)


  [1m[35m (12.6ms)[0m  [1m[35mCREATE TABLE "schema_migrations" ("version" varchar NOT NULL PRIMARY KEY)[0m
  [1m[35m (7.3ms)[0m  [1m[35mCREATE TABLE "ar_internal_metadata" ("key" varchar NOT NULL PRIMARY KEY, "value" varchar, "created_at" datetime(6) NOT NULL, "updated_at" datetime(6) NOT NULL)[0m
  [1m[36mActiveRecord::SchemaMigration Pluck (0.2ms)[0m  [1m[34mSELECT "schema_migrations"."version" FROM "schema_migrations" ORDER BY "schema_migrations"."version" ASC[0m
Migrating to CreateAuthors (20230126125111)
  [1m[36mTRANSACTION (0.1ms)[0m  [1m[36mbegin transaction[0m
  [1m[35m (0.3ms)[0m  [1m[35mCREATE TABLE "authors" ("id" integer PRIMARY KEY AUTOINCREMENT NOT NULL, "name" varchar, "created_at" datetime(6) NOT NULL, "updated_at" datetime(6) NOT NULL)[0m
  [1m[36mActiveRecord::SchemaMigration Create (0.2ms)[0m  [1m[32mINSERT INTO "schema_migrations" ("version") VALUES (?)[0m  [["version", "20230126125111"]]
  [1m[36mTRANSACTION (5.6ms)[0m  [1m[36mcommit transaction[0m
Migrating to CreateBooks (20230126125406)
  [1m[36mTRANSACTION (0.1ms)[0m  [1m[36mbegin transaction[0m
  [1m[35m (0.3ms)[0m  [1m[35mCREATE TABLE "books" ("id" integer PRIMARY KEY AUTOINCREMENT NOT NULL, "name" varchar, "author_id" integer, "published_at" datetime(6), "created_at" datetime(6) NOT NULL, "updated_at" datetime(6) NOT NULL)[0m
  [1m[35m (0.1ms)[0m  [1m[35mCREATE INDEX "index_books_on_author_id" ON "books" ("author_id")[0m
  [1m[36mActiveRecord::SchemaMigration Create (0.2ms)[0m  [1m[32mINSERT INTO "schema_migrations" ("version") VALUES (?)[0m  [["version", "20230126125406"]]
  [1m[36mTRANSACTION (5.5ms)[0m  [1m[36mcommit transaction[0m
  [1m[36mActiveRecord::InternalMetadata Load (0.2ms)[0m  [1m[34mSELECT "ar_internal_metadata".* FROM "ar_internal_metadata" WHERE "ar_internal_metadata"."key" = ? LIMIT ?[0m  [["key", "environment"], ["LIMIT", 1]]
  [1m[36mTRANSACTION (0.1ms)[0m  [1m[36mbegin transaction[0m
  [1m[36mActiveRecord::InternalMetadata Create (0.3ms)[0m  [1m[32mINSERT INTO "ar_internal_metadata" ("key", "value", "created_at", "updated_at") VALUES (?, ?, ?, ?)[0m  [["key", "environment"], ["value", "development"], ["created_at", "2023-01-26 12:58:54.620064"], ["updated_at", "2023-01-26 12:58:54.620064"]]
  [1m[36mTRANSACTION (4.0ms)[0m  [1m[36mcommit transaction[0m
  [1m[36mActiveRecord::SchemaMigration Pluck (0.1ms)[0m  [1m[34mSELECT "schema_migrations"."version" FROM "schema_migrations" ORDER BY "schema_migrations"."version" ASC[0m
  [1m[36mAuthor Load (0.2ms)[0m  [1m[34mSELECT "authors".* FROM "authors" ORDER BY "authors"."id" ASC LIMIT ?[0m  [["LIMIT", 1]]
  [1m[36mTRANSACTION (0.1ms)[0m  [1m[36mbegin transaction[0m
  [1m[36mAuthor Create (0.4ms)[0m  [1m[32mINSERT INTO "authors" ("name", "created_at", "updated_at") VALUES (?, ?, ?)[0m  [["name", "Rehmatullah"], ["created_at", "2023-01-26 13:10:57.397352"], ["updated_at", "2023-01-26 13:10:57.397352"]]
  [1m[36mTRANSACTION (10.2ms)[0m  [1m[36mcommit transaction[0m
  [1m[36mAuthor Load (0.2ms)[0m  [1m[34mSELECT "authors".* FROM "authors"[0m
  [1m[36mAuthor Load (0.1ms)[0m  [1m[34mSELECT "authors".* FROM "authors" ORDER BY "authors"."id" ASC LIMIT ?[0m  [["LIMIT", 1]]
  [1m[36mBook Load (0.2ms)[0m  [1m[34mSELECT "books".* FROM "books" WHERE "books"."author_id" = ?[0m  [["author_id", 1]]
  [1m[36mTRANSACTION (0.1ms)[0m  [1m[36mbegin transaction[0m
  [1m[36mBook Create (0.3ms)[0m  [1m[32mINSERT INTO "books" ("name", "author_id", "published_at", "created_at", "updated_at") VALUES (?, ?, ?, ?, ?)[0m  [["name", "Rails Book"], ["author_id", 1], ["published_at", "2023-01-26 13:18:05.574518"], ["created_at", "2023-01-26 13:18:05.607740"], ["updated_at", "2023-01-26 13:18:05.607740"]]
  [1m[36mTRANSACTION (10.5ms)[0m  [1m[36mcommit transaction[0m
  [1m[36mBook Load (0.2ms)[0m  [1m[34mSELECT "books".* FROM "books"[0m
  [1m[36mTRANSACTION (0.2ms)[0m  [1m[36mbegin transaction[0m
  [1m[36mBook Create (0.9ms)[0m  [1m[32mINSERT INTO "books" ("name", "author_id", "published_at", "created_at", "updated_at") VALUES (?, ?, ?, ?, ?)[0m  [["name", "JS Book"], ["author_id", 1], ["published_at", "2023-01-26 13:19:37.507393"], ["created_at", "2023-01-26 13:19:37.510093"], ["updated_at", "2023-01-26 13:19:37.510093"]]
  [1m[36mTRANSACTION (11.6ms)[0m  [1m[36mcommit transaction[0m
  [1m[36mTRANSACTION (0.1ms)[0m  [1m[36mbegin transaction[0m
  [1m[36mBook Create (0.2ms)[0m  [1m[32mINSERT INTO "books" ("name", "author_id", "published_at", "created_at", "updated_at") VALUES (?, ?, ?, ?, ?)[0m  [["name", "Python Book"], ["author_id", 1], ["published_at", "2023-01-26 13:19:48.421162"], ["created_at", "2023-01-26 13:19:48.421829"], ["updated_at", "2023-01-26 13:19:48.421829"]]
  [1m[36mTRANSACTION (10.4ms)[0m  [1m[36mcommit transaction[0m
  [1m[36mTRANSACTION (0.1ms)[0m  [1m[36mbegin transaction[0m
  [1m[36mBook Create (0.3ms)[0m  [1m[32mINSERT INTO "books" ("name", "author_id", "published_at", "created_at", "updated_at") VALUES (?, ?, ?, ?, ?)[0m  [["name", "React Book"], ["author_id", 1], ["published_at", "2023-01-26 13:19:55.687053"], ["created_at", "2023-01-26 13:19:55.687741"], ["updated_at", "2023-01-26 13:19:55.687741"]]
  [1m[36mTRANSACTION (9.8ms)[0m  [1m[36mcommit transaction[0m
  [1m[36mAuthor Load (0.4ms)[0m  [1m[34mSELECT "authors".* FROM "authors"[0m
  [1m[36mBook Load (0.4ms)[0m  [1m[34mSELECT "books".* FROM "books" WHERE "books"."author_id" = ?[0m  [["author_id", 1]]
  [1m[36mBook Count (0.1ms)[0m  [1m[34mSELECT COUNT(*) FROM "books"[0m
  [1m[36mBook Count (0.1ms)[0m  [1m[34mSELECT COUNT(*) FROM "books"[0m
  [1m[36mBook Load (0.1ms)[0m  [1m[34mSELECT "books".* FROM "books"[0m
  [1m[36mBook Load (0.2ms)[0m  [1m[34mSELECT "books".* FROM "books" ORDER BY "books"."id" DESC LIMIT ?[0m  [["LIMIT", 1]]
  [1m[36mAuthor Load (0.2ms)[0m  [1m[34mSELECT "authors".* FROM "authors" WHERE "authors"."id" = ? LIMIT ?[0m  [["id", 1], ["LIMIT", 1]]
